0 info it worked if it ends with ok
1 verbose cli [ '/usr/local/bin/node', '/usr/local/bin/npm', 'run', 'server' ]
2 info using npm@4.0.5
3 info using node@v7.4.0
4 verbose run-script [ 'preserver', 'server', 'postserver' ]
5 info lifecycle altlegal@1.0.0~preserver: altlegal@1.0.0
6 silly lifecycle altlegal@1.0.0~preserver: no script for preserver, continuing
7 info lifecycle altlegal@1.0.0~server: altlegal@1.0.0
8 verbose lifecycle altlegal@1.0.0~server: unsafe-perm in lifecycle true
9 verbose lifecycle altlegal@1.0.0~server: PATH: /usr/local/lib/node_modules/npm/bin/node-gyp-bin:/Users/kotywong/Desktop/altlegal/node_modules/.bin:/usr/local/lib/node_modules/npm/bin/node-gyp-bin:/Users/kotywong/Desktop/altlegal/node_modules/.bin:/Library/Frameworks/Python.framework/Versions/3.5/bin:/Library/Frameworks/Python.framework/Versions/3.5/bin:/Users/kotywong/.rbenv/shims:/usr/local/opt/coreutils/libexec/gnubin:/usr/local/heroku/bin:/usr/local/bin:/usr/local/sbin:/usr/local/share/npm/bin:/Users/kotywong/.rbenv/bin:/usr/local/bin:/usr/bin:/bin:/usr/sbin:/sbin
10 verbose lifecycle altlegal@1.0.0~server: CWD: /Users/kotywong/Desktop/altlegal
11 silly lifecycle altlegal@1.0.0~server: Args: [ '-c', 'babel-node server.js' ]
12 info lifecycle altlegal@1.0.0~server: Failed to exec server script
13 verbose stack Error: altlegal@1.0.0 server: `babel-node server.js`
13 verbose stack spawn ENOENT
13 verbose stack     at ChildProcess.<anonymous> (/usr/local/lib/node_modules/npm/lib/utils/spawn.js:33:16)
13 verbose stack     at emitTwo (events.js:106:13)
13 verbose stack     at ChildProcess.emit (events.js:191:7)
13 verbose stack     at maybeClose (internal/child_process.js:885:16)
13 verbose stack     at Process.ChildProcess._handle.onexit (internal/child_process.js:226:5)
14 verbose pkgid altlegal@1.0.0
15 verbose cwd /Users/kotywong/Desktop/altlegal
16 error Darwin 16.4.0
17 error argv "/usr/local/bin/node" "/usr/local/bin/npm" "run" "server"
18 error node v7.4.0
19 error npm  v4.0.5
20 error file sh
21 error code ELIFECYCLE
22 error errno ENOENT
23 error syscall spawn
24 error altlegal@1.0.0 server: `babel-node server.js`
24 error spawn ENOENT
25 error Failed at the altlegal@1.0.0 server script 'babel-node server.js'.
25 error Make sure you have the latest version of node.js and npm installed.
25 error If you do, this is most likely a problem with the altlegal package,
25 error not with npm itself.
25 error Tell the author that this fails on your system:
25 error     babel-node server.js
25 error You can get information on how to open an issue for this project with:
25 error     npm bugs altlegal
25 error Or if that isn't available, you can get their info via:
25 error     npm owner ls altlegal
25 error There is likely additional logging output above.
26 verbose exit [ 1, true ]
